<?xml version="1.0" encoding="UTF-8"?>
<robot generator="Robot 7.4.1 (Python 3.14.3 on darwin)" generated="2026-02-10T11:01:50.618133" rpa="false" schemaversion="5">
<suite id="s1" name="loginJdd" source="/Users/franibizi/Documents/robotframework_project/Test/loginJdd.robot">
<test id="s1-t1" name="login with jdd" line="16">
<status status="FAIL" start="2026-02-10T11:01:50.709011" elapsed="0.000439">Test cannot be empty.</status>
</test>
<status status="FAIL" start="2026-02-10T11:01:50.618716" elapsed="0.090886"/>
</suite>
<statistics>
<total>
<stat pass="0" fail="1" skip="0">All Tests</stat>
</total>
<tag>
</tag>
<suite>
<stat name="loginJdd" id="s1" pass="0" fail="1" skip="0">loginJdd</stat>
</suite>
</statistics>
<errors>
<msg time="2026-02-10T11:01:50.707632" level="ERROR">[ DataDriver ] Error in robot file:
  File "/Users/franibizi/Documents/robotframework_project/Test/loginJdd.robot", line 0</msg>
<msg time="2026-02-10T11:01:50.707682" level="ERROR">In source file:
  File "jdd.csv", line 6</msg>
<msg time="2026-02-10T11:01:50.708918" level="ERROR">Calling method '_start_suite' of listener 'DataDriver' failed: IndexError: list index out of range</msg>
</errors>
</robot>
